<?xml version="1.0" encoding="UTF-8"?>
<!-- Generated by org.testng.reporters.JUnitReportReporter -->
<testsuite hostname="LAPTOP-8JDNMARC" failures="0" tests="1" name="com.app.TestPages.OpenMRSHomePageTest" time="30.394" errors="0" timestamp="2023-12-11T16:58:11 IST" skipped="0">
  <testcase classname="com.app.TestPages.OpenMRSHomePageTest" name="login" time="30.394"/>
  <system-out/>
</testsuite> <!-- com.app.TestPages.OpenMRSHomePageTest -->
